<?xml version="1.0" encoding="UTF-8"?>
<!-- Generated by org.testng.reporters.JUnitXMLReporter -->
<testsuite hostname="DESKTOP-CKG50S0" ignored="0" name="Bank_Demo" tests="8" failures="1" timestamp="21 Jul 2020 06:04:21 GMT" time="59.882" errors="0">
  <testcase name="browseropen" time="8.935" classname="testNGFramework.BankDemo"/>
  <testcase name="signup" time="6.764" classname="testNGFramework.BankDemo"/>
  <testcase name="address" time="9.204" classname="testNGFramework.BankDemo"/>
  <testcase name="signin" time="3.982" classname="testNGFramework.BankDemo"/>
  <testcase name="newchecking" time="6.335" classname="testNGFramework.BankDemo"/>
  <testcase name="acountcreation" time="4.93" classname="testNGFramework.BankDemo"/>
  <testcase name="deposit" time="12.216" classname="testNGFramework.BankDemo"/>
  <testcase name="withdraw" time="7.483" classname="testNGFramework.BankDemo">
    <failure type="org.openqa.selenium.NoSuchElementException" message="Cannot locate element with text: Personal  -  (Standard Checking)  -  ($12500.00))
For documentation on this error, please visit: https://www.seleniumhq.org/exceptions/no_such_element.html
Build info: version: &amp;apos;3.141.59&amp;apos;, revision: &amp;apos;e82be7d358&amp;apos;, time: &amp;apos;2018-11-14T08:25:48&amp;apos;
System info: host: &amp;apos;DESKTOP-CKG50S0&amp;apos;, ip: &amp;apos;192.168.0.100&amp;apos;, os.name: &amp;apos;Windows 10&amp;apos;, os.arch: &amp;apos;amd64&amp;apos;, os.version: &amp;apos;10.0&amp;apos;, java.version: &amp;apos;1.8.0_221&amp;apos;
Driver info: driver.version: unknown">
      <![CDATA[org.openqa.selenium.NoSuchElementException: Cannot locate element with text: Personal  -  (Standard Checking)  -  ($12500.00))
For documentation on this error, please visit: https://www.seleniumhq.org/exceptions/no_such_element.html
Build info: version: '3.141.59', revision: 'e82be7d358', time: '2018-11-14T08:25:48'
System info: host: 'DESKTOP-CKG50S0', ip: '192.168.0.100', os.name: 'Windows 10', os.arch: 'amd64', os.version: '10.0', java.version: '1.8.0_221'
Driver info: driver.version: unknown
	at org.openqa.selenium.support.ui.Select.selectByVisibleText(Select.java:147)
	at testNGFramework.BankDemo.withdraw(BankDemo.java:99)
... Removed 25 stack frames]]>
    </failure>
  </testcase> <!-- withdraw -->
</testsuite> <!-- Bank_Demo -->
